platforms/android/build/outputs/apk/manifest-merger-release-report.txt
-- Merging decision tree log ---
manifest
ADDED from AndroidManifest.xml:2:1
	package
		ADDED from AndroidManifest.xml:2:98
	android:versionName
		ADDED from AndroidManifest.xml:2:70
	android:hardwareAccelerated
		ADDED from AndroidManifest.xml:2:11
	android:versionCode
		ADDED from AndroidManifest.xml:2:46
		INJECTED from AndroidManifest.xml:0:0
		INJECTED from AndroidManifest.xml:0:0
	xmlns:android
		ADDED from AndroidManifest.xml:2:146
supports-screens
ADDED from AndroidManifest.xml:3:5
	android:largeScreens
		ADDED from AndroidManifest.xml:3:49
	android:smallScreens
		ADDED from AndroidManifest.xml:3:132
	android:normalScreens
		ADDED from AndroidManifest.xml:3:77
	android:xlargeScreens
		ADDED from AndroidManifest.xml:3:160
	android:resizeable
		ADDED from AndroidManifest.xml:3:106
	android:anyDensity
		ADDED from AndroidManifest.xml:3:23
uses-permission#android.permission.INTERNET
ADDED from AndroidManifest.xml:4:5
	android:name
		ADDED from AndroidManifest.xml:4:22
uses-permission#android.permission.ACCESS_NETWORK_STATE
ADDED from AndroidManifest.xml:5:5
	android:name
		ADDED from AndroidManifest.xml:5:22
uses-permission#android.permission.ACCESS_WIFI_STATE
ADDED from AndroidManifest.xml:6:5
	android:name
		ADDED from AndroidManifest.xml:6:22
application
ADDED from AndroidManifest.xml:7:5
MERGED from com.android.support:support-v4:23.1.0:22:5
	android:label
		ADDED from AndroidManifest.xml:7:83
	android:supportsRtl
		ADDED from AndroidManifest.xml:7:116
	android:hardwareAccelerated
		ADDED from AndroidManifest.xml:7:18
	android:icon
		ADDED from AndroidManifest.xml:7:53
activity#com.ionicframework.apnakawardha384569.MainActivity
ADDED from AndroidManifest.xml:8:9
	android:label
		ADDED from AndroidManifest.xml:8:97
	android:launchMode
		ADDED from AndroidManifest.xml:8:135
	android:windowSoftInputMode
		ADDED from AndroidManifest.xml:8:248
	android:configChanges
		ADDED from AndroidManifest.xml:8:19
	android:theme
		ADDED from AndroidManifest.xml:8:194
	android:name
		ADDED from AndroidManifest.xml:8:166
intent-filter#android.intent.action.MAIN+android.intent.category.LAUNCHER
ADDED from AndroidManifest.xml:9:13
	android:label
		ADDED from AndroidManifest.xml:9:28
action#android.intent.action.MAIN
ADDED from AndroidManifest.xml:10:17
	android:name
		ADDED from AndroidManifest.xml:10:25
category#android.intent.category.LAUNCHER
ADDED from AndroidManifest.xml:11:17
	android:name
		ADDED from AndroidManifest.xml:11:27
meta-data#com.google.android.gms.version
ADDED from AndroidManifest.xml:14:9
	android:value
		ADDED from AndroidManifest.xml:14:66
	android:name
		ADDED from AndroidManifest.xml:14:20
activity#com.google.android.gms.ads.AdActivity
ADDED from AndroidManifest.xml:15:9
	android:configChanges
		ADDED from AndroidManifest.xml:15:19
	android:theme
		ADDED from AndroidManifest.xml:15:182
	android:name
		ADDED from AndroidManifest.xml:15:129
activity#com.plugin.gcm.PushHandlerActivity
ADDED from AndroidManifest.xml:16:9
	android:exported
		ADDED from AndroidManifest.xml:16:19
	android:name
		ADDED from AndroidManifest.xml:16:43
receiver#com.plugin.gcm.CordovaGCMBroadcastReceiver
ADDED from AndroidManifest.xml:17:9
	android:permission
		ADDED from AndroidManifest.xml:17:77
	android:name
		ADDED from AndroidManifest.xml:17:19
intent-filter#com.google.android.c2dm.intent.RECEIVE+com.google.android.c2dm.intent.REGISTRATION+com.ionicframework.apnakawardha384569
ADDED from AndroidManifest.xml:18:13
action#com.google.android.c2dm.intent.RECEIVE
ADDED from AndroidManifest.xml:19:17
	android:name
		ADDED from AndroidManifest.xml:19:25
action#com.google.android.c2dm.intent.REGISTRATION
ADDED from AndroidManifest.xml:20:17
	android:name
		ADDED from AndroidManifest.xml:20:25
category#com.ionicframework.apnakawardha384569
ADDED from AndroidManifest.xml:21:17
	android:name
		ADDED from AndroidManifest.xml:21:27
service#com.plugin.gcm.GCMIntentService
ADDED from AndroidManifest.xml:24:9
	android:name
		ADDED from AndroidManifest.xml:24:18
uses-sdk
ADDED from AndroidManifest.xml:26:5
MERGED from com.android.support:support-v4:23.1.0:20:5
MERGED from android:CordovaLib:unspecified:release:25:5
	android:targetSdkVersion
		ADDED from AndroidManifest.xml:26:42
	android:minSdkVersion
		ADDED from AndroidManifest.xml:26:15
uses-permission#android.permission.GET_ACCOUNTS
ADDED from AndroidManifest.xml:27:5
	android:name
		ADDED from AndroidManifest.xml:27:22
uses-permission#android.permission.WAKE_LOCK
ADDED from AndroidManifest.xml:28:5
	android:name
		ADDED from AndroidManifest.xml:28:22
uses-permission#android.permission.VIBRATE
ADDED from AndroidManifest.xml:29:5
	android:name
		ADDED from AndroidManifest.xml:29:22
uses-permission#com.google.android.c2dm.permission.RECEIVE
ADDED from AndroidManifest.xml:30:5
	android:name
		ADDED from AndroidManifest.xml:30:22
permission#com.ionicframework.apnakawardha384569.permission.C2D_MESSAGE
ADDED from AndroidManifest.xml:31:5
	android:protectionLevel
		ADDED from AndroidManifest.xml:31:93
	android:name
		ADDED from AndroidManifest.xml:31:17
uses-permission#com.ionicframework.apnakawardha384569.permission.C2D_MESSAGE
ADDED from AndroidManifest.xml:32:5
	android:name
		ADDED from AndroidManifest.xml:32:22